Arguments: 
  /usr/bin/node /usr/bin/yarn add @prima/client

PATH: 
  /home/tom/.local/bin:/usr/local/sbin:/usr/local/bin:/usr/sbin:/usr/bin:/sbin:/bin:/usr/games:/usr/local/games:/snap/bin:/opt/mssql-tools/bin:/opt/mssql-tools/bin:/opt/mssql-tools/bin:/opt/mssql-tools/bin

Yarn version: 
  1.22.19

Node version: 
  14.19.3

Platform: 
  linux x64

Trace: 
  Error: https://registry.yarnpkg.com/@prima%2fclient: Not found
      at Request.params.callback [as _callback] (/usr/lib/node_modules/yarn/lib/cli.js:66145:18)
      at Request.self.callback (/usr/lib/node_modules/yarn/lib/cli.js:140890:22)
      at Request.emit (events.js:400:28)
      at Request.<anonymous> (/usr/lib/node_modules/yarn/lib/cli.js:141862:10)
      at Request.emit (events.js:400:28)
      at IncomingMessage.<anonymous> (/usr/lib/node_modules/yarn/lib/cli.js:141784:12)
      at Object.onceWrapper (events.js:519:28)
      at IncomingMessage.emit (events.js:412:35)
      at endReadableNT (internal/streams/readable.js:1333:12)
      at processTicksAndRejections (internal/process/task_queues.js:82:21)

npm manifest: 
  {
    "name": "prisma",
    "version": "1.0.0",
    "description": "",
    "main": "index.js",
    "scripts": {
      "test": "echo \"Error: no test specified\" && exit 1"
    },
    "author": "",
    "license": "ISC",
    "devDependencies": {
      "prisma": "^3.15.2"
    }
  }

yarn manifest: 
  No manifest

Lockfile: 
  # THIS IS AN AUTOGENERATED FILE. DO NOT EDIT THIS FILE DIRECTLY.
  # yarn lockfile v1
  
  
  "@prisma/engines@3.15.1-1.461d6a05159055555eb7dfb337c9fb271cbd4d7e":
    version "3.15.1-1.461d6a05159055555eb7dfb337c9fb271cbd4d7e"
    resolved "https://registry.yarnpkg.com/@prisma/engines/-/engines-3.15.1-1.461d6a05159055555eb7dfb337c9fb271cbd4d7e.tgz#f691893df506b93e3cb1ccc15ec6e5ac64e8e570"
    integrity sha512-NHlojO1DFTsSi3FtEleL9QWXeSF/UjhCW0fgpi7bumnNZ4wj/eQ+BJJ5n2pgoOliTOGv9nX2qXvmHap7rJMNmg==
  
  prisma@^3.15.2:
    version "3.15.2"
    resolved "https://registry.yarnpkg.com/prisma/-/prisma-3.15.2.tgz#4ebe32fb284da3ac60c49fbc16c75e56ecf32067"
    integrity sha512-nMNSMZvtwrvoEQ/mui8L/aiCLZRCj5t6L3yujKpcDhIPk7garp8tL4nMx2+oYsN0FWBacevJhazfXAbV1kfBzA==
    dependencies:
      "@prisma/engines" "3.15.1-1.461d6a05159055555eb7dfb337c9fb271cbd4d7e"
